2017-12-04 9:35:16 - PHP Warning:  PDO::__construct(): MySQL server has gone away in C:\flc\OpenServer\domains\alenka.xxx\public\system\library\db\mpdo.php on line 9
2017-12-04 9:35:17 - PHP Warning:  Cannot modify header information - headers already sent by (output started at C:\flc\OpenServer\domains\alenka.xxx\public\system\framework.php:42) in C:\flc\OpenServer\domains\alenka.xxx\public\system\framework.php on line 108
2017-12-04 9:35:17 - PHP Warning:  Cannot modify header information - headers already sent by (output started at C:\flc\OpenServer\domains\alenka.xxx\public\system\framework.php:42) in C:\flc\OpenServer\domains\alenka.xxx\public\catalog\controller\startup\session.php on line 25
2017-12-04 9:35:17 - PHP Warning:  Cannot modify header information - headers already sent by (output started at C:\flc\OpenServer\domains\alenka.xxx\public\system\framework.php:42) in C:\flc\OpenServer\domains\alenka.xxx\public\catalog\controller\startup\startup.php on line 99
2017-12-04 9:35:17 - PHP Warning:  Cannot modify header information - headers already sent by (output started at C:\flc\OpenServer\domains\alenka.xxx\public\system\framework.php:42) in C:\flc\OpenServer\domains\alenka.xxx\public\catalog\controller\startup\startup.php on line 157
2017-12-04 9:37:06 - PHP Warning:  PDO::__construct(): MySQL server has gone away in C:\flc\OpenServer\domains\alenka.xxx\public\system\library\db\mpdo.php on line 9
2017-12-04 9:37:07 - PHP Warning:  Cannot modify header information - headers already sent by (output started at C:\flc\OpenServer\domains\alenka.xxx\public\system\framework.php:42) in C:\flc\OpenServer\domains\alenka.xxx\public\system\framework.php on line 108
2017-12-04 9:37:07 - PHP Warning:  PDO::__construct(): MySQL server has gone away in C:\flc\OpenServer\domains\alenka.xxx\public\system\library\db\mpdo.php on line 9
2017-12-04 9:37:08 - PHP Warning:  Cannot modify header information - headers already sent by (output started at C:\flc\OpenServer\domains\alenka.xxx\public\system\framework.php:42) in C:\flc\OpenServer\domains\alenka.xxx\public\system\framework.php on line 108
2017-12-04 9:39:24 - PHP Warning:  PDO::__construct(): MySQL server has gone away in C:\flc\OpenServer\domains\alenka.xxx\public\system\library\db\mpdo.php on line 9
2017-12-04 9:39:25 - PHP Warning:  Cannot modify header information - headers already sent by (output started at C:\flc\OpenServer\domains\alenka.xxx\public\system\framework.php:42) in C:\flc\OpenServer\domains\alenka.xxx\public\system\framework.php on line 108
2017-12-04 9:39:31 - PHP Warning:  PDO::__construct(): MySQL server has gone away in C:\flc\OpenServer\domains\alenka.xxx\public\system\library\db\mpdo.php on line 9
2017-12-04 9:39:32 - PHP Warning:  Cannot modify header information - headers already sent by (output started at C:\flc\OpenServer\domains\alenka.xxx\public\system\framework.php:42) in C:\flc\OpenServer\domains\alenka.xxx\public\system\framework.php on line 108
2017-12-04 9:59:14 - PHP Warning:  PDO::__construct(): MySQL server has gone away in C:\flc\OpenServer\domains\alenka.xxx\public\system\library\db\mpdo.php on line 9
2017-12-04 9:59:15 - PHP Warning:  Cannot modify header information - headers already sent by (output started at C:\flc\OpenServer\domains\alenka.xxx\public\system\framework.php:42) in C:\flc\OpenServer\domains\alenka.xxx\public\system\framework.php on line 108
2017-12-04 9:59:15 - PHP Warning:  Cannot modify header information - headers already sent by (output started at C:\flc\OpenServer\domains\alenka.xxx\public\system\framework.php:42) in C:\flc\OpenServer\domains\alenka.xxx\public\system\library\response.php on line 36
2017-12-04 10:02:27 - PHP Warning:  PDO::__construct(): MySQL server has gone away in C:\flc\OpenServer\domains\alenka.xxx\public\system\library\db\mpdo.php on line 9
2017-12-04 10:02:28 - PHP Warning:  Cannot modify header information - headers already sent by (output started at C:\flc\OpenServer\domains\alenka.xxx\public\system\framework.php:42) in C:\flc\OpenServer\domains\alenka.xxx\public\system\framework.php on line 108
2017-12-04 10:03:32 - PHP Warning:  PDO::__construct(): MySQL server has gone away in C:\flc\OpenServer\domains\alenka.xxx\public\system\library\db\mpdo.php on line 9
2017-12-04 10:03:33 - PHP Warning:  Cannot modify header information - headers already sent by (output started at C:\flc\OpenServer\domains\alenka.xxx\public\system\framework.php:42) in C:\flc\OpenServer\domains\alenka.xxx\public\system\framework.php on line 108
2017-12-04 10:03:33 - PHP Warning:  PDO::__construct(): MySQL server has gone away in C:\flc\OpenServer\domains\alenka.xxx\public\system\library\db\mpdo.php on line 9
2017-12-04 10:03:34 - PHP Warning:  Cannot modify header information - headers already sent by (output started at C:\flc\OpenServer\domains\alenka.xxx\public\system\framework.php:42) in C:\flc\OpenServer\domains\alenka.xxx\public\system\framework.php on line 108
2017-12-04 10:07:06 - PHP Warning:  PDO::__construct(): MySQL server has gone away in C:\flc\OpenServer\domains\alenka.xxx\public\system\library\db\mpdo.php on line 9
2017-12-04 10:07:07 - PHP Warning:  Cannot modify header information - headers already sent by (output started at C:\flc\OpenServer\domains\alenka.xxx\public\system\framework.php:42) in C:\flc\OpenServer\domains\alenka.xxx\public\system\framework.php on line 108
2017-12-04 10:07:07 - PHP Warning:  Cannot modify header information - headers already sent by (output started at C:\flc\OpenServer\domains\alenka.xxx\public\system\framework.php:42) in C:\flc\OpenServer\domains\alenka.xxx\public\system\library\response.php on line 36
2017-12-04 10:08:29 - PHP Warning:  PDO::__construct(): MySQL server has gone away in C:\flc\OpenServer\domains\alenka.xxx\public\system\library\db\mpdo.php on line 9
2017-12-04 10:08:30 - PHP Warning:  Cannot modify header information - headers already sent by (output started at C:\flc\OpenServer\domains\alenka.xxx\public\system\framework.php:42) in C:\flc\OpenServer\domains\alenka.xxx\public\system\framework.php on line 108
2017-12-04 10:08:30 - PHP Warning:  Cannot modify header information - headers already sent by (output started at C:\flc\OpenServer\domains\alenka.xxx\public\system\framework.php:42) in C:\flc\OpenServer\domains\alenka.xxx\public\system\library\response.php on line 36
2017-12-04 10:11:35 - PHP Warning:  PDO::__construct(): MySQL server has gone away in C:\flc\OpenServer\domains\alenka.xxx\public\system\library\db\mpdo.php on line 9
2017-12-04 10:11:36 - PHP Warning:  Cannot modify header information - headers already sent by (output started at C:\flc\OpenServer\domains\alenka.xxx\public\system\framework.php:42) in C:\flc\OpenServer\domains\alenka.xxx\public\system\framework.php on line 108
2017-12-04 10:11:36 - PHP Warning:  Cannot modify header information - headers already sent by (output started at C:\flc\OpenServer\domains\alenka.xxx\public\system\framework.php:42) in C:\flc\OpenServer\domains\alenka.xxx\public\system\library\response.php on line 36
2017-12-04 10:43:39 - PHP Warning:  PDO::__construct(): MySQL server has gone away in C:\flc\OpenServer\domains\alenka.xxx\public\system\library\db\mpdo.php on line 9
2017-12-04 10:43:40 - PHP Warning:  Cannot modify header information - headers already sent by (output started at C:\flc\OpenServer\domains\alenka.xxx\public\system\framework.php:42) in C:\flc\OpenServer\domains\alenka.xxx\public\system\framework.php on line 108
2017-12-04 10:43:40 - PHP Warning:  Cannot modify header information - headers already sent by (output started at C:\flc\OpenServer\domains\alenka.xxx\public\system\framework.php:42) in C:\flc\OpenServer\domains\alenka.xxx\public\catalog\controller\startup\session.php on line 25
2017-12-04 10:45:12 - PHP Warning:  PDO::__construct(): MySQL server has gone away in C:\flc\OpenServer\domains\alenka.xxx\public\system\library\db\mpdo.php on line 9
2017-12-04 10:45:13 - PHP Warning:  Cannot modify header information - headers already sent by (output started at C:\flc\OpenServer\domains\alenka.xxx\public\system\framework.php:42) in C:\flc\OpenServer\domains\alenka.xxx\public\system\framework.php on line 108
2017-12-04 10:45:13 - PHP Warning:  Cannot modify header information - headers already sent by (output started at C:\flc\OpenServer\domains\alenka.xxx\public\system\framework.php:42) in C:\flc\OpenServer\domains\alenka.xxx\public\catalog\controller\startup\session.php on line 25
2017-12-04 10:51:28 - PHP Warning:  PDO::__construct(): MySQL server has gone away in C:\flc\OpenServer\domains\alenka.xxx\public\system\library\db\mpdo.php on line 9
2017-12-04 10:51:29 - PHP Warning:  Cannot modify header information - headers already sent by (output started at C:\flc\OpenServer\domains\alenka.xxx\public\system\framework.php:42) in C:\flc\OpenServer\domains\alenka.xxx\public\system\framework.php on line 108
2017-12-04 10:51:29 - PHP Warning:  Cannot modify header information - headers already sent by (output started at C:\flc\OpenServer\domains\alenka.xxx\public\system\framework.php:42) in C:\flc\OpenServer\domains\alenka.xxx\public\catalog\controller\startup\session.php on line 25
2017-12-04 10:53:31 - PHP Warning:  PDO::__construct(): MySQL server has gone away in C:\flc\OpenServer\domains\alenka.xxx\public\system\library\db\mpdo.php on line 9
2017-12-04 10:53:32 - PHP Warning:  Cannot modify header information - headers already sent by (output started at C:\flc\OpenServer\domains\alenka.xxx\public\system\framework.php:42) in C:\flc\OpenServer\domains\alenka.xxx\public\system\framework.php on line 108
2017-12-04 10:53:32 - PHP Warning:  Cannot modify header information - headers already sent by (output started at C:\flc\OpenServer\domains\alenka.xxx\public\system\framework.php:42) in C:\flc\OpenServer\domains\alenka.xxx\public\catalog\controller\startup\session.php on line 25
2017-12-04 10:54:20 - PHP Warning:  PDO::__construct(): MySQL server has gone away in C:\flc\OpenServer\domains\alenka.xxx\public\system\library\db\mpdo.php on line 9
2017-12-04 10:54:21 - PHP Warning:  Cannot modify header information - headers already sent by (output started at C:\flc\OpenServer\domains\alenka.xxx\public\system\framework.php:42) in C:\flc\OpenServer\domains\alenka.xxx\public\system\framework.php on line 108
2017-12-04 10:54:21 - PHP Warning:  Cannot modify header information - headers already sent by (output started at C:\flc\OpenServer\domains\alenka.xxx\public\system\framework.php:42) in C:\flc\OpenServer\domains\alenka.xxx\public\catalog\controller\startup\session.php on line 25
2017-12-04 10:55:01 - PHP Warning:  PDO::__construct(): MySQL server has gone away in C:\flc\OpenServer\domains\alenka.xxx\public\system\library\db\mpdo.php on line 9
2017-12-04 10:55:02 - PHP Warning:  Cannot modify header information - headers already sent by (output started at C:\flc\OpenServer\domains\alenka.xxx\public\system\framework.php:42) in C:\flc\OpenServer\domains\alenka.xxx\public\system\framework.php on line 108
2017-12-04 10:55:02 - PHP Warning:  Cannot modify header information - headers already sent by (output started at C:\flc\OpenServer\domains\alenka.xxx\public\system\framework.php:42) in C:\flc\OpenServer\domains\alenka.xxx\public\catalog\controller\startup\session.php on line 25
2017-12-04 10:57:19 - PHP Warning:  PDO::__construct(): MySQL server has gone away in C:\flc\OpenServer\domains\alenka.xxx\public\system\library\db\mpdo.php on line 9
2017-12-04 10:57:20 - PHP Warning:  Cannot modify header information - headers already sent by (output started at C:\flc\OpenServer\domains\alenka.xxx\public\system\framework.php:42) in C:\flc\OpenServer\domains\alenka.xxx\public\system\framework.php on line 108
2017-12-04 10:57:20 - PHP Warning:  Cannot modify header information - headers already sent by (output started at C:\flc\OpenServer\domains\alenka.xxx\public\system\framework.php:42) in C:\flc\OpenServer\domains\alenka.xxx\public\catalog\controller\startup\session.php on line 25
2017-12-04 10:59:37 - PHP Warning:  PDO::__construct(): MySQL server has gone away in C:\flc\OpenServer\domains\alenka.xxx\public\system\library\db\mpdo.php on line 9
2017-12-04 10:59:38 - PHP Warning:  Cannot modify header information - headers already sent by (output started at C:\flc\OpenServer\domains\alenka.xxx\public\system\framework.php:42) in C:\flc\OpenServer\domains\alenka.xxx\public\system\framework.php on line 108
2017-12-04 10:59:38 - PHP Warning:  Cannot modify header information - headers already sent by (output started at C:\flc\OpenServer\domains\alenka.xxx\public\system\framework.php:42) in C:\flc\OpenServer\domains\alenka.xxx\public\catalog\controller\startup\session.php on line 25
2017-12-04 11:14:07 - PHP Warning:  PDO::__construct(): MySQL server has gone away in C:\flc\OpenServer\domains\alenka.xxx\public\system\library\db\mpdo.php on line 9
2017-12-04 11:14:08 - PHP Warning:  Cannot modify header information - headers already sent by (output started at C:\flc\OpenServer\domains\alenka.xxx\public\system\framework.php:42) in C:\flc\OpenServer\domains\alenka.xxx\public\system\framework.php on line 108
2017-12-04 11:14:08 - PHP Warning:  Cannot modify header information - headers already sent by (output started at C:\flc\OpenServer\domains\alenka.xxx\public\system\framework.php:42) in C:\flc\OpenServer\domains\alenka.xxx\public\catalog\controller\startup\session.php on line 25
2017-12-04 11:21:16 - PHP Warning:  PDO::__construct(): MySQL server has gone away in C:\flc\OpenServer\domains\alenka.xxx\public\system\library\db\mpdo.php on line 9
2017-12-04 11:21:17 - PHP Warning:  Cannot modify header information - headers already sent by (output started at C:\flc\OpenServer\domains\alenka.xxx\public\system\framework.php:42) in C:\flc\OpenServer\domains\alenka.xxx\public\system\framework.php on line 108
2017-12-04 11:21:17 - PHP Warning:  Cannot modify header information - headers already sent by (output started at C:\flc\OpenServer\domains\alenka.xxx\public\system\framework.php:42) in C:\flc\OpenServer\domains\alenka.xxx\public\catalog\controller\startup\session.php on line 25
2017-12-04 11:24:27 - PHP Warning:  PDO::__construct(): MySQL server has gone away in C:\flc\OpenServer\domains\alenka.xxx\public\system\library\db\mpdo.php on line 9
2017-12-04 11:24:28 - PHP Warning:  Cannot modify header information - headers already sent by (output started at C:\flc\OpenServer\domains\alenka.xxx\public\system\framework.php:42) in C:\flc\OpenServer\domains\alenka.xxx\public\system\framework.php on line 108
2017-12-04 11:24:28 - PHP Warning:  Cannot modify header information - headers already sent by (output started at C:\flc\OpenServer\domains\alenka.xxx\public\system\framework.php:42) in C:\flc\OpenServer\domains\alenka.xxx\public\catalog\controller\startup\session.php on line 25
2017-12-04 11:26:33 - PHP Warning:  PDO::__construct(): MySQL server has gone away in C:\flc\OpenServer\domains\alenka.xxx\public\system\library\db\mpdo.php on line 9
2017-12-04 11:26:34 - PHP Warning:  Cannot modify header information - headers already sent by (output started at C:\flc\OpenServer\domains\alenka.xxx\public\system\framework.php:42) in C:\flc\OpenServer\domains\alenka.xxx\public\system\framework.php on line 108
2017-12-04 11:26:34 - PHP Warning:  Cannot modify header information - headers already sent by (output started at C:\flc\OpenServer\domains\alenka.xxx\public\system\framework.php:42) in C:\flc\OpenServer\domains\alenka.xxx\public\catalog\controller\startup\session.php on line 25
2017-12-04 11:28:09 - PHP Warning:  PDO::__construct(): MySQL server has gone away in C:\flc\OpenServer\domains\alenka.xxx\public\system\library\db\mpdo.php on line 9
2017-12-04 11:28:10 - PHP Warning:  Cannot modify header information - headers already sent by (output started at C:\flc\OpenServer\domains\alenka.xxx\public\system\framework.php:42) in C:\flc\OpenServer\domains\alenka.xxx\public\system\framework.php on line 108
2017-12-04 11:28:10 - PHP Warning:  Cannot modify header information - headers already sent by (output started at C:\flc\OpenServer\domains\alenka.xxx\public\system\framework.php:42) in C:\flc\OpenServer\domains\alenka.xxx\public\catalog\controller\startup\session.php on line 25
2017-12-04 11:30:32 - PHP Warning:  PDO::__construct(): MySQL server has gone away in C:\flc\OpenServer\domains\alenka.xxx\public\system\library\db\mpdo.php on line 9
2017-12-04 11:30:33 - PHP Warning:  Cannot modify header information - headers already sent by (output started at C:\flc\OpenServer\domains\alenka.xxx\public\system\framework.php:42) in C:\flc\OpenServer\domains\alenka.xxx\public\system\framework.php on line 108
2017-12-04 11:30:33 - PHP Warning:  Cannot modify header information - headers already sent by (output started at C:\flc\OpenServer\domains\alenka.xxx\public\system\framework.php:42) in C:\flc\OpenServer\domains\alenka.xxx\public\catalog\controller\startup\session.php on line 25
2017-12-04 11:41:39 - PHP Warning:  PDO::__construct(): MySQL server has gone away in C:\flc\OpenServer\domains\alenka.xxx\public\system\library\db\mpdo.php on line 9
2017-12-04 11:41:40 - PHP Warning:  Cannot modify header information - headers already sent by (output started at C:\flc\OpenServer\domains\alenka.xxx\public\system\framework.php:42) in C:\flc\OpenServer\domains\alenka.xxx\public\system\framework.php on line 108
2017-12-04 11:41:40 - PHP Warning:  Cannot modify header information - headers already sent by (output started at C:\flc\OpenServer\domains\alenka.xxx\public\system\framework.php:42) in C:\flc\OpenServer\domains\alenka.xxx\public\catalog\controller\startup\session.php on line 25
2017-12-04 11:48:40 - PHP Warning:  PDO::__construct(): MySQL server has gone away in C:\flc\OpenServer\domains\alenka.xxx\public\system\library\db\mpdo.php on line 9
2017-12-04 11:48:41 - PHP Warning:  Cannot modify header information - headers already sent by (output started at C:\flc\OpenServer\domains\alenka.xxx\public\system\framework.php:42) in C:\flc\OpenServer\domains\alenka.xxx\public\system\framework.php on line 108
2017-12-04 11:48:41 - PHP Warning:  Cannot modify header information - headers already sent by (output started at C:\flc\OpenServer\domains\alenka.xxx\public\system\framework.php:42) in C:\flc\OpenServer\domains\alenka.xxx\public\catalog\controller\startup\session.php on line 25
2017-12-04 11:50:27 - PHP Warning:  PDO::__construct(): MySQL server has gone away in C:\flc\OpenServer\domains\alenka.xxx\public\system\library\db\mpdo.php on line 9
2017-12-04 11:50:28 - PHP Warning:  Cannot modify header information - headers already sent by (output started at C:\flc\OpenServer\domains\alenka.xxx\public\system\framework.php:42) in C:\flc\OpenServer\domains\alenka.xxx\public\system\framework.php on line 108
2017-12-04 11:50:28 - PHP Warning:  Cannot modify header information - headers already sent by (output started at C:\flc\OpenServer\domains\alenka.xxx\public\system\framework.php:42) in C:\flc\OpenServer\domains\alenka.xxx\public\catalog\controller\startup\session.php on line 25
2017-12-04 11:52:23 - PHP Warning:  PDO::__construct(): MySQL server has gone away in C:\flc\OpenServer\domains\alenka.xxx\public\system\library\db\mpdo.php on line 9
2017-12-04 11:52:24 - PHP Warning:  Cannot modify header information - headers already sent by (output started at C:\flc\OpenServer\domains\alenka.xxx\public\system\framework.php:42) in C:\flc\OpenServer\domains\alenka.xxx\public\system\framework.php on line 108
2017-12-04 12:07:14 - PHP Warning:  PDO::__construct(): MySQL server has gone away in C:\flc\OpenServer\domains\alenka.xxx\public\system\library\db\mpdo.php on line 9
2017-12-04 12:07:15 - PHP Warning:  Cannot modify header information - headers already sent by (output started at C:\flc\OpenServer\domains\alenka.xxx\public\system\framework.php:42) in C:\flc\OpenServer\domains\alenka.xxx\public\system\framework.php on line 108
2017-12-04 12:07:15 - PHP Warning:  Cannot modify header information - headers already sent by (output started at C:\flc\OpenServer\domains\alenka.xxx\public\system\framework.php:42) in C:\flc\OpenServer\domains\alenka.xxx\public\catalog\controller\startup\session.php on line 25
2017-12-04 12:14:10 - PHP Warning:  PDO::__construct(): MySQL server has gone away in C:\flc\OpenServer\domains\alenka.xxx\public\system\library\db\mpdo.php on line 9
2017-12-04 12:14:11 - PHP Warning:  Cannot modify header information - headers already sent by (output started at C:\flc\OpenServer\domains\alenka.xxx\public\system\framework.php:42) in C:\flc\OpenServer\domains\alenka.xxx\public\system\framework.php on line 108
2017-12-04 12:14:11 - PHP Warning:  Cannot modify header information - headers already sent by (output started at C:\flc\OpenServer\domains\alenka.xxx\public\system\framework.php:42) in C:\flc\OpenServer\domains\alenka.xxx\public\catalog\controller\startup\session.php on line 25
2017-12-04 12:15:51 - PHP Warning:  PDO::__construct(): MySQL server has gone away in C:\flc\OpenServer\domains\alenka.xxx\public\system\library\db\mpdo.php on line 9
2017-12-04 12:15:52 - PHP Warning:  Cannot modify header information - headers already sent by (output started at C:\flc\OpenServer\domains\alenka.xxx\public\system\framework.php:42) in C:\flc\OpenServer\domains\alenka.xxx\public\system\framework.php on line 108
2017-12-04 12:15:52 - PHP Warning:  Cannot modify header information - headers already sent by (output started at C:\flc\OpenServer\domains\alenka.xxx\public\system\framework.php:42) in C:\flc\OpenServer\domains\alenka.xxx\public\catalog\controller\startup\session.php on line 25
2017-12-04 12:27:17 - PHP Warning:  PDO::__construct(): MySQL server has gone away in C:\flc\OpenServer\domains\alenka.xxx\public\system\library\db\mpdo.php on line 9
2017-12-04 12:27:18 - PHP Warning:  Cannot modify header information - headers already sent by (output started at C:\flc\OpenServer\domains\alenka.xxx\public\system\framework.php:42) in C:\flc\OpenServer\domains\alenka.xxx\public\system\framework.php on line 108
2017-12-04 12:27:18 - PHP Warning:  Cannot modify header information - headers already sent by (output started at C:\flc\OpenServer\domains\alenka.xxx\public\system\framework.php:42) in C:\flc\OpenServer\domains\alenka.xxx\public\catalog\controller\startup\session.php on line 25
2017-12-04 12:29:23 - PHP Warning:  PDO::__construct(): MySQL server has gone away in C:\flc\OpenServer\domains\alenka.xxx\public\system\library\db\mpdo.php on line 9
2017-12-04 12:29:24 - PHP Warning:  Cannot modify header information - headers already sent by (output started at C:\flc\OpenServer\domains\alenka.xxx\public\system\framework.php:42) in C:\flc\OpenServer\domains\alenka.xxx\public\system\framework.php on line 108
2017-12-04 12:29:24 - PHP Warning:  Cannot modify header information - headers already sent by (output started at C:\flc\OpenServer\domains\alenka.xxx\public\system\framework.php:42) in C:\flc\OpenServer\domains\alenka.xxx\public\catalog\controller\startup\session.php on line 25
2017-12-04 12:32:53 - PHP Warning:  PDO::__construct(): MySQL server has gone away in C:\flc\OpenServer\domains\alenka.xxx\public\system\library\db\mpdo.php on line 9
2017-12-04 12:32:54 - PHP Warning:  Cannot modify header information - headers already sent by (output started at C:\flc\OpenServer\domains\alenka.xxx\public\system\framework.php:42) in C:\flc\OpenServer\domains\alenka.xxx\public\system\framework.php on line 108
2017-12-04 12:32:54 - PHP Warning:  Cannot modify header information - headers already sent by (output started at C:\flc\OpenServer\domains\alenka.xxx\public\system\framework.php:42) in C:\flc\OpenServer\domains\alenka.xxx\public\catalog\controller\startup\session.php on line 25
2017-12-04 12:36:05 - PHP Warning:  PDO::__construct(): MySQL server has gone away in C:\flc\OpenServer\domains\alenka.xxx\public\system\library\db\mpdo.php on line 9
2017-12-04 12:36:06 - PHP Warning:  Cannot modify header information - headers already sent by (output started at C:\flc\OpenServer\domains\alenka.xxx\public\system\framework.php:42) in C:\flc\OpenServer\domains\alenka.xxx\public\system\framework.php on line 108
2017-12-04 12:36:06 - PHP Warning:  Cannot modify header information - headers already sent by (output started at C:\flc\OpenServer\domains\alenka.xxx\public\system\framework.php:42) in C:\flc\OpenServer\domains\alenka.xxx\public\catalog\controller\startup\session.php on line 25
2017-12-04 12:39:48 - PHP Warning:  PDO::__construct(): MySQL server has gone away in C:\flc\OpenServer\domains\alenka.xxx\public\system\library\db\mpdo.php on line 9
2017-12-04 12:39:49 - PHP Warning:  Cannot modify header information - headers already sent by (output started at C:\flc\OpenServer\domains\alenka.xxx\public\system\framework.php:42) in C:\flc\OpenServer\domains\alenka.xxx\public\system\framework.php on line 108
2017-12-04 12:39:49 - PHP Warning:  Cannot modify header information - headers already sent by (output started at C:\flc\OpenServer\domains\alenka.xxx\public\system\framework.php:42) in C:\flc\OpenServer\domains\alenka.xxx\public\catalog\controller\startup\session.php on line 25
2017-12-04 12:43:25 - PHP Warning:  PDO::__construct(): MySQL server has gone away in C:\flc\OpenServer\domains\alenka.xxx\public\system\library\db\mpdo.php on line 9
2017-12-04 12:43:26 - PHP Warning:  Cannot modify header information - headers already sent by (output started at C:\flc\OpenServer\domains\alenka.xxx\public\system\framework.php:42) in C:\flc\OpenServer\domains\alenka.xxx\public\system\framework.php on line 108
2017-12-04 12:43:26 - PHP Warning:  Cannot modify header information - headers already sent by (output started at C:\flc\OpenServer\domains\alenka.xxx\public\system\framework.php:42) in C:\flc\OpenServer\domains\alenka.xxx\public\catalog\controller\startup\session.php on line 25
2017-12-04 12:45:43 - PHP Warning:  PDO::__construct(): MySQL server has gone away in C:\flc\OpenServer\domains\alenka.xxx\public\system\library\db\mpdo.php on line 9
2017-12-04 12:45:44 - PHP Warning:  Cannot modify header information - headers already sent by (output started at C:\flc\OpenServer\domains\alenka.xxx\public\system\framework.php:42) in C:\flc\OpenServer\domains\alenka.xxx\public\system\framework.php on line 108
2017-12-04 12:45:44 - PHP Warning:  Cannot modify header information - headers already sent by (output started at C:\flc\OpenServer\domains\alenka.xxx\public\system\framework.php:42) in C:\flc\OpenServer\domains\alenka.xxx\public\catalog\controller\startup\session.php on line 25
2017-12-04 13:15:28 - PHP Warning:  PDO::__construct(): MySQL server has gone away in C:\flc\OpenServer\domains\alenka.xxx\public\system\library\db\mpdo.php on line 9
2017-12-04 13:15:29 - PHP Warning:  Cannot modify header information - headers already sent by (output started at C:\flc\OpenServer\domains\alenka.xxx\public\system\framework.php:42) in C:\flc\OpenServer\domains\alenka.xxx\public\system\framework.php on line 108
2017-12-04 13:15:29 - PHP Warning:  Cannot modify header information - headers already sent by (output started at C:\flc\OpenServer\domains\alenka.xxx\public\system\framework.php:42) in C:\flc\OpenServer\domains\alenka.xxx\public\catalog\controller\startup\session.php on line 25
2017-12-04 13:20:32 - PHP Warning:  PDO::__construct(): MySQL server has gone away in C:\flc\OpenServer\domains\alenka.xxx\public\system\library\db\mpdo.php on line 9
2017-12-04 13:20:33 - PHP Warning:  Cannot modify header information - headers already sent by (output started at C:\flc\OpenServer\domains\alenka.xxx\public\system\framework.php:42) in C:\flc\OpenServer\domains\alenka.xxx\public\system\framework.php on line 108
2017-12-04 13:20:33 - PHP Warning:  Cannot modify header information - headers already sent by (output started at C:\flc\OpenServer\domains\alenka.xxx\public\system\framework.php:42) in C:\flc\OpenServer\domains\alenka.xxx\public\catalog\controller\startup\session.php on line 25
2017-12-04 13:29:36 - PHP Warning:  PDO::__construct(): MySQL server has gone away in C:\flc\OpenServer\domains\alenka.xxx\public\system\library\db\mpdo.php on line 9
2017-12-04 13:29:37 - PHP Warning:  Cannot modify header information - headers already sent by (output started at C:\flc\OpenServer\domains\alenka.xxx\public\system\framework.php:42) in C:\flc\OpenServer\domains\alenka.xxx\public\system\framework.php on line 108
2017-12-04 13:29:37 - PHP Warning:  Cannot modify header information - headers already sent by (output started at C:\flc\OpenServer\domains\alenka.xxx\public\system\framework.php:42) in C:\flc\OpenServer\domains\alenka.xxx\public\catalog\controller\startup\session.php on line 25
2017-12-04 13:31:37 - PHP Warning:  PDO::__construct(): MySQL server has gone away in C:\flc\OpenServer\domains\alenka.xxx\public\system\library\db\mpdo.php on line 9
2017-12-04 13:31:38 - PHP Warning:  Cannot modify header information - headers already sent by (output started at C:\flc\OpenServer\domains\alenka.xxx\public\system\framework.php:42) in C:\flc\OpenServer\domains\alenka.xxx\public\system\framework.php on line 108
2017-12-04 13:31:38 - PHP Warning:  Cannot modify header information - headers already sent by (output started at C:\flc\OpenServer\domains\alenka.xxx\public\system\framework.php:42) in C:\flc\OpenServer\domains\alenka.xxx\public\catalog\controller\startup\session.php on line 25
2017-12-04 13:40:40 - PHP Warning:  PDO::__construct(): MySQL server has gone away in C:\flc\OpenServer\domains\alenka.xxx\public\system\library\db\mpdo.php on line 9
2017-12-04 13:40:42 - PHP Warning:  Cannot modify header information - headers already sent by (output started at C:\flc\OpenServer\domains\alenka.xxx\public\system\framework.php:42) in C:\flc\OpenServer\domains\alenka.xxx\public\system\framework.php on line 108
2017-12-04 13:40:42 - PHP Warning:  Cannot modify header information - headers already sent by (output started at C:\flc\OpenServer\domains\alenka.xxx\public\system\framework.php:42) in C:\flc\OpenServer\domains\alenka.xxx\public\catalog\controller\startup\session.php on line 25
2017-12-04 13:42:00 - PHP Warning:  PDO::__construct(): MySQL server has gone away in C:\flc\OpenServer\domains\alenka.xxx\public\system\library\db\mpdo.php on line 9
2017-12-04 13:42:01 - PHP Warning:  Cannot modify header information - headers already sent by (output started at C:\flc\OpenServer\domains\alenka.xxx\public\system\framework.php:42) in C:\flc\OpenServer\domains\alenka.xxx\public\system\framework.php on line 108
2017-12-04 13:42:01 - PHP Warning:  Cannot modify header information - headers already sent by (output started at C:\flc\OpenServer\domains\alenka.xxx\public\system\framework.php:42) in C:\flc\OpenServer\domains\alenka.xxx\public\catalog\controller\startup\session.php on line 25
2017-12-04 13:44:48 - PHP Warning:  PDO::__construct(): MySQL server has gone away in C:\flc\OpenServer\domains\alenka.xxx\public\system\library\db\mpdo.php on line 9
2017-12-04 13:44:49 - PHP Warning:  Cannot modify header information - headers already sent by (output started at C:\flc\OpenServer\domains\alenka.xxx\public\system\framework.php:42) in C:\flc\OpenServer\domains\alenka.xxx\public\system\framework.php on line 108
2017-12-04 13:44:49 - PHP Warning:  Cannot modify header information - headers already sent by (output started at C:\flc\OpenServer\domains\alenka.xxx\public\system\framework.php:42) in C:\flc\OpenServer\domains\alenka.xxx\public\catalog\controller\startup\session.php on line 25
2017-12-04 13:46:13 - PHP Warning:  PDO::__construct(): MySQL server has gone away in C:\flc\OpenServer\domains\alenka.xxx\public\system\library\db\mpdo.php on line 9
2017-12-04 13:46:14 - PHP Warning:  Cannot modify header information - headers already sent by (output started at C:\flc\OpenServer\domains\alenka.xxx\public\system\framework.php:42) in C:\flc\OpenServer\domains\alenka.xxx\public\system\framework.php on line 108
2017-12-04 13:46:14 - PHP Warning:  Cannot modify header information - headers already sent by (output started at C:\flc\OpenServer\domains\alenka.xxx\public\system\framework.php:42) in C:\flc\OpenServer\domains\alenka.xxx\public\catalog\controller\startup\session.php on line 25
2017-12-04 13:48:24 - PHP Warning:  PDO::__construct(): MySQL server has gone away in C:\flc\OpenServer\domains\alenka.xxx\public\system\library\db\mpdo.php on line 9
2017-12-04 13:48:25 - PHP Warning:  Cannot modify header information - headers already sent by (output started at C:\flc\OpenServer\domains\alenka.xxx\public\system\framework.php:42) in C:\flc\OpenServer\domains\alenka.xxx\public\system\framework.php on line 108
2017-12-04 13:48:25 - PHP Warning:  Cannot modify header information - headers already sent by (output started at C:\flc\OpenServer\domains\alenka.xxx\public\system\framework.php:42) in C:\flc\OpenServer\domains\alenka.xxx\public\catalog\controller\startup\session.php on line 25
2017-12-04 13:50:16 - PHP Warning:  PDO::__construct(): MySQL server has gone away in C:\flc\OpenServer\domains\alenka.xxx\public\system\library\db\mpdo.php on line 9
2017-12-04 13:50:17 - PHP Warning:  Cannot modify header information - headers already sent by (output started at C:\flc\OpenServer\domains\alenka.xxx\public\system\framework.php:42) in C:\flc\OpenServer\domains\alenka.xxx\public\system\framework.php on line 108
2017-12-04 13:50:17 - PHP Warning:  Cannot modify header information - headers already sent by (output started at C:\flc\OpenServer\domains\alenka.xxx\public\system\framework.php:42) in C:\flc\OpenServer\domains\alenka.xxx\public\catalog\controller\startup\session.php on line 25
2017-12-04 13:52:19 - PHP Warning:  PDO::__construct(): MySQL server has gone away in C:\flc\OpenServer\domains\alenka.xxx\public\system\library\db\mpdo.php on line 9
2017-12-04 13:52:20 - PHP Warning:  Cannot modify header information - headers already sent by (output started at C:\flc\OpenServer\domains\alenka.xxx\public\system\framework.php:42) in C:\flc\OpenServer\domains\alenka.xxx\public\system\framework.php on line 108
2017-12-04 13:52:20 - PHP Warning:  Cannot modify header information - headers already sent by (output started at C:\flc\OpenServer\domains\alenka.xxx\public\system\framework.php:42) in C:\flc\OpenServer\domains\alenka.xxx\public\catalog\controller\startup\session.php on line 25
2017-12-04 13:55:18 - PHP Warning:  PDO::__construct(): MySQL server has gone away in C:\flc\OpenServer\domains\alenka.xxx\public\system\library\db\mpdo.php on line 9
2017-12-04 13:55:19 - PHP Warning:  Cannot modify header information - headers already sent by (output started at C:\flc\OpenServer\domains\alenka.xxx\public\system\framework.php:42) in C:\flc\OpenServer\domains\alenka.xxx\public\system\framework.php on line 108
2017-12-04 13:55:19 - PHP Warning:  Cannot modify header information - headers already sent by (output started at C:\flc\OpenServer\domains\alenka.xxx\public\system\framework.php:42) in C:\flc\OpenServer\domains\alenka.xxx\public\catalog\controller\startup\session.php on line 25
2017-12-04 13:57:18 - PHP Warning:  PDO::__construct(): MySQL server has gone away in C:\flc\OpenServer\domains\alenka.xxx\public\system\library\db\mpdo.php on line 9
2017-12-04 13:57:19 - PHP Warning:  Cannot modify header information - headers already sent by (output started at C:\flc\OpenServer\domains\alenka.xxx\public\system\framework.php:42) in C:\flc\OpenServer\domains\alenka.xxx\public\system\framework.php on line 108
2017-12-04 13:57:19 - PHP Warning:  Cannot modify header information - headers already sent by (output started at C:\flc\OpenServer\domains\alenka.xxx\public\system\framework.php:42) in C:\flc\OpenServer\domains\alenka.xxx\public\catalog\controller\startup\session.php on line 25
2017-12-04 14:00:36 - PHP Warning:  PDO::__construct(): MySQL server has gone away in C:\flc\OpenServer\domains\alenka.xxx\public\system\library\db\mpdo.php on line 9
2017-12-04 14:00:37 - PHP Warning:  Cannot modify header information - headers already sent by (output started at C:\flc\OpenServer\domains\alenka.xxx\public\system\framework.php:42) in C:\flc\OpenServer\domains\alenka.xxx\public\system\framework.php on line 108
2017-12-04 14:00:37 - PHP Warning:  Cannot modify header information - headers already sent by (output started at C:\flc\OpenServer\domains\alenka.xxx\public\system\framework.php:42) in C:\flc\OpenServer\domains\alenka.xxx\public\catalog\controller\startup\session.php on line 25
2017-12-04 14:00:51 - PHP Warning:  PDO::__construct(): MySQL server has gone away in C:\flc\OpenServer\domains\alenka.xxx\public\system\library\db\mpdo.php on line 9
2017-12-04 14:00:52 - PHP Warning:  Cannot modify header information - headers already sent by (output started at C:\flc\OpenServer\domains\alenka.xxx\public\system\framework.php:42) in C:\flc\OpenServer\domains\alenka.xxx\public\system\framework.php on line 108
2017-12-04 14:00:52 - PHP Warning:  Cannot modify header information - headers already sent by (output started at C:\flc\OpenServer\domains\alenka.xxx\public\system\framework.php:42) in C:\flc\OpenServer\domains\alenka.xxx\public\catalog\controller\startup\session.php on line 25
